CRITICAL - 2021-03-29 02:04:39 --> Invalid file: layout/navbar.component
#0 D:\work\Project\Redesign Project\appstarter\vendor\codeigniter4\framework\system\View\View.php(203): CodeIgniter\Exceptions\FrameworkException::forInvalidFile('layout/navbar.c...')
#1 D:\work\Project\Redesign Project\appstarter\vendor\codeigniter4\framework\system\View\View.php(468): CodeIgniter\View\View->render('layout/navbar.c...', NULL, true)
#2 D:\work\Project\Redesign Project\appstarter\app\Views\homepage.php(12): CodeIgniter\View\View->include('layout/navbar.c...')
#3 D:\work\Project\Redesign Project\appstarter\vendor\codeigniter4\framework\system\View\View.php(220): include('D:\\work\\Project...')
#4 D:\work\Project\Redesign Project\appstarter\vendor\codeigniter4\framework\system\View\View.php(222): CodeIgniter\View\View->CodeIgniter\View\{closure}()
#5 D:\work\Project\Redesign Project\appstarter\vendor\codeigniter4\framework\system\Common.php(1217): CodeIgniter\View\View->render('homepage', Array, true)
#6 D:\work\Project\Redesign Project\appstarter\app\Controllers\Home.php(9): view('homepage')
#7 D:\work\Project\Redesign Project\appstarter\vendor\codeigniter4\framework\system\CodeIgniter.php(936): App\Controllers\Home->index()
#8 D:\work\Project\Redesign Project\appstarter\vendor\codeigniter4\framework\system\CodeIgniter.php(432): CodeIgniter\CodeIgniter->runController(Object(App\Controllers\Home))
#9 D:\work\Project\Redesign Project\appstarter\vendor\codeigniter4\framework\system\CodeIgniter.php(333): CodeIgniter\CodeIgniter->handleRequest(NULL, Object(Config\Cache), false)
#10 D:\work\Project\Redesign Project\appstarter\public\index.php(44): CodeIgniter\CodeIgniter->run()
#11 D:\work\Project\Redesign Project\appstarter\vendor\codeigniter4\framework\system\Commands\Server\rewrite.php(45): require_once('D:\\work\\Project...')
#12 {main}
CRITICAL - 2021-03-29 02:04:45 --> Invalid file: layout/navbar.component
#0 D:\work\Project\Redesign Project\appstarter\vendor\codeigniter4\framework\system\View\View.php(203): CodeIgniter\Exceptions\FrameworkException::forInvalidFile('layout/navbar.c...')
#1 D:\work\Project\Redesign Project\appstarter\vendor\codeigniter4\framework\system\View\View.php(468): CodeIgniter\View\View->render('layout/navbar.c...', NULL, true)
#2 D:\work\Project\Redesign Project\appstarter\app\Views\homepage.php(12): CodeIgniter\View\View->include('layout/navbar.c...')
#3 D:\work\Project\Redesign Project\appstarter\vendor\codeigniter4\framework\system\View\View.php(220): include('D:\\work\\Project...')
#4 D:\work\Project\Redesign Project\appstarter\vendor\codeigniter4\framework\system\View\View.php(222): CodeIgniter\View\View->CodeIgniter\View\{closure}()
#5 D:\work\Project\Redesign Project\appstarter\vendor\codeigniter4\framework\system\Common.php(1217): CodeIgniter\View\View->render('homepage', Array, true)
#6 D:\work\Project\Redesign Project\appstarter\app\Controllers\Home.php(9): view('homepage')
#7 D:\work\Project\Redesign Project\appstarter\vendor\codeigniter4\framework\system\CodeIgniter.php(936): App\Controllers\Home->index()
#8 D:\work\Project\Redesign Project\appstarter\vendor\codeigniter4\framework\system\CodeIgniter.php(432): CodeIgniter\CodeIgniter->runController(Object(App\Controllers\Home))
#9 D:\work\Project\Redesign Project\appstarter\vendor\codeigniter4\framework\system\CodeIgniter.php(333): CodeIgniter\CodeIgniter->handleRequest(NULL, Object(Config\Cache), false)
#10 D:\work\Project\Redesign Project\appstarter\public\index.php(44): CodeIgniter\CodeIgniter->run()
#11 D:\work\Project\Redesign Project\appstarter\vendor\codeigniter4\framework\system\Commands\Server\rewrite.php(45): require_once('D:\\work\\Project...')
#12 {main}
