ERROR - 2021-04-08 23:52:27 --> Error connecting to the database: Access denied for user ''@'localhost' (using password: NO)
CRITICAL - 2021-04-08 23:52:27 --> Unable to connect to the database.
#0 D:\work\Project\Redesign Project\appstarter\vendor\codeigniter4\framework\system\Database\BaseConnection.php(618): CodeIgniter\Database\BaseConnection->initialize()
#1 D:\work\Project\Redesign Project\appstarter\vendor\codeigniter4\framework\system\Database\BaseBuilder.php(1866): CodeIgniter\Database\BaseConnection->query('SELECT *\nFROM `...', Array, false)
#2 D:\work\Project\Redesign Project\appstarter\vendor\codeigniter4\framework\system\Model.php(169): CodeIgniter\Database\BaseBuilder->get()
#3 D:\work\Project\Redesign Project\appstarter\vendor\codeigniter4\framework\system\BaseModel.php(518): CodeIgniter\Model->doFind(true, '1')
#4 D:\work\Project\Redesign Project\appstarter\app\Controllers\Blog.php(22): CodeIgniter\BaseModel->find('1')
#5 D:\work\Project\Redesign Project\appstarter\vendor\codeigniter4\framework\system\CodeIgniter.php(936): App\Controllers\Blog->detail('1')
#6 D:\work\Project\Redesign Project\appstarter\vendor\codeigniter4\framework\system\CodeIgniter.php(432): CodeIgniter\CodeIgniter->runController(Object(App\Controllers\Blog))
#7 D:\work\Project\Redesign Project\appstarter\vendor\codeigniter4\framework\system\CodeIgniter.php(333): CodeIgniter\CodeIgniter->handleRequest(NULL, Object(Config\Cache), false)
#8 D:\work\Project\Redesign Project\appstarter\public\index.php(44): CodeIgniter\CodeIgniter->run()
#9 D:\work\Project\Redesign Project\appstarter\vendor\codeigniter4\framework\system\Commands\Server\rewrite.php(45): require_once('D:\\work\\Project...')
#10 {main}
ERROR - 2021-04-08 23:52:45 --> Error connecting to the database: Access denied for user ''@'localhost' (using password: NO)
CRITICAL - 2021-04-08 23:52:45 --> Unable to connect to the database.
#0 D:\work\Project\Redesign Project\appstarter\vendor\codeigniter4\framework\system\Database\BaseConnection.php(618): CodeIgniter\Database\BaseConnection->initialize()
#1 D:\work\Project\Redesign Project\appstarter\vendor\codeigniter4\framework\system\Database\BaseBuilder.php(1866): CodeIgniter\Database\BaseConnection->query('SELECT *\nFROM `...', Array, false)
#2 D:\work\Project\Redesign Project\appstarter\vendor\codeigniter4\framework\system\Model.php(169): CodeIgniter\Database\BaseBuilder->get()
#3 D:\work\Project\Redesign Project\appstarter\vendor\codeigniter4\framework\system\BaseModel.php(518): CodeIgniter\Model->doFind(true, '1')
#4 D:\work\Project\Redesign Project\appstarter\app\Controllers\Blog.php(22): CodeIgniter\BaseModel->find('1')
#5 D:\work\Project\Redesign Project\appstarter\vendor\codeigniter4\framework\system\CodeIgniter.php(936): App\Controllers\Blog->detail('1')
#6 D:\work\Project\Redesign Project\appstarter\vendor\codeigniter4\framework\system\CodeIgniter.php(432): CodeIgniter\CodeIgniter->runController(Object(App\Controllers\Blog))
#7 D:\work\Project\Redesign Project\appstarter\vendor\codeigniter4\framework\system\CodeIgniter.php(333): CodeIgniter\CodeIgniter->handleRequest(NULL, Object(Config\Cache), false)
#8 D:\work\Project\Redesign Project\appstarter\public\index.php(44): CodeIgniter\CodeIgniter->run()
#9 D:\work\Project\Redesign Project\appstarter\vendor\codeigniter4\framework\system\Commands\Server\rewrite.php(45): require_once('D:\\work\\Project...')
#10 {main}
ERROR - 2021-04-08 23:52:46 --> Error connecting to the database: Access denied for user ''@'localhost' (using password: NO)
CRITICAL - 2021-04-08 23:52:46 --> Unable to connect to the database.
#0 D:\work\Project\Redesign Project\appstarter\vendor\codeigniter4\framework\system\Database\BaseConnection.php(618): CodeIgniter\Database\BaseConnection->initialize()
#1 D:\work\Project\Redesign Project\appstarter\vendor\codeigniter4\framework\system\Database\BaseBuilder.php(1866): CodeIgniter\Database\BaseConnection->query('SELECT *\nFROM `...', Array, false)
#2 D:\work\Project\Redesign Project\appstarter\vendor\codeigniter4\framework\system\Model.php(169): CodeIgniter\Database\BaseBuilder->get()
#3 D:\work\Project\Redesign Project\appstarter\vendor\codeigniter4\framework\system\BaseModel.php(518): CodeIgniter\Model->doFind(true, '1')
#4 D:\work\Project\Redesign Project\appstarter\app\Controllers\Blog.php(22): CodeIgniter\BaseModel->find('1')
#5 D:\work\Project\Redesign Project\appstarter\vendor\codeigniter4\framework\system\CodeIgniter.php(936): App\Controllers\Blog->detail('1')
#6 D:\work\Project\Redesign Project\appstarter\vendor\codeigniter4\framework\system\CodeIgniter.php(432): CodeIgniter\CodeIgniter->runController(Object(App\Controllers\Blog))
#7 D:\work\Project\Redesign Project\appstarter\vendor\codeigniter4\framework\system\CodeIgniter.php(333): CodeIgniter\CodeIgniter->handleRequest(NULL, Object(Config\Cache), false)
#8 D:\work\Project\Redesign Project\appstarter\public\index.php(44): CodeIgniter\CodeIgniter->run()
#9 D:\work\Project\Redesign Project\appstarter\vendor\codeigniter4\framework\system\Commands\Server\rewrite.php(45): require_once('D:\\work\\Project...')
#10 {main}
ERROR - 2021-04-08 23:52:46 --> Error connecting to the database: Access denied for user ''@'localhost' (using password: NO)
CRITICAL - 2021-04-08 23:52:46 --> Unable to connect to the database.
#0 D:\work\Project\Redesign Project\appstarter\vendor\codeigniter4\framework\system\Database\BaseConnection.php(618): CodeIgniter\Database\BaseConnection->initialize()
#1 D:\work\Project\Redesign Project\appstarter\vendor\codeigniter4\framework\system\Database\BaseBuilder.php(1866): CodeIgniter\Database\BaseConnection->query('SELECT *\nFROM `...', Array, false)
#2 D:\work\Project\Redesign Project\appstarter\vendor\codeigniter4\framework\system\Model.php(169): CodeIgniter\Database\BaseBuilder->get()
#3 D:\work\Project\Redesign Project\appstarter\vendor\codeigniter4\framework\system\BaseModel.php(518): CodeIgniter\Model->doFind(true, '1')
#4 D:\work\Project\Redesign Project\appstarter\app\Controllers\Blog.php(22): CodeIgniter\BaseModel->find('1')
#5 D:\work\Project\Redesign Project\appstarter\vendor\codeigniter4\framework\system\CodeIgniter.php(936): App\Controllers\Blog->detail('1')
#6 D:\work\Project\Redesign Project\appstarter\vendor\codeigniter4\framework\system\CodeIgniter.php(432): CodeIgniter\CodeIgniter->runController(Object(App\Controllers\Blog))
#7 D:\work\Project\Redesign Project\appstarter\vendor\codeigniter4\framework\system\CodeIgniter.php(333): CodeIgniter\CodeIgniter->handleRequest(NULL, Object(Config\Cache), false)
#8 D:\work\Project\Redesign Project\appstarter\public\index.php(44): CodeIgniter\CodeIgniter->run()
#9 D:\work\Project\Redesign Project\appstarter\vendor\codeigniter4\framework\system\Commands\Server\rewrite.php(45): require_once('D:\\work\\Project...')
#10 {main}
ERROR - 2021-04-08 23:53:10 --> Error connecting to the database: Access denied for user ''@'localhost' (using password: NO)
CRITICAL - 2021-04-08 23:53:10 --> Unable to connect to the database.
#0 D:\work\Project\Redesign Project\appstarter\vendor\codeigniter4\framework\system\Database\BaseConnection.php(618): CodeIgniter\Database\BaseConnection->initialize()
#1 D:\work\Project\Redesign Project\appstarter\vendor\codeigniter4\framework\system\Database\BaseBuilder.php(1866): CodeIgniter\Database\BaseConnection->query('SELECT *\nFROM `...', Array, false)
#2 D:\work\Project\Redesign Project\appstarter\vendor\codeigniter4\framework\system\Model.php(169): CodeIgniter\Database\BaseBuilder->get()
#3 D:\work\Project\Redesign Project\appstarter\vendor\codeigniter4\framework\system\BaseModel.php(518): CodeIgniter\Model->doFind(true, '1')
#4 D:\work\Project\Redesign Project\appstarter\app\Controllers\Blog.php(22): CodeIgniter\BaseModel->find('1')
#5 D:\work\Project\Redesign Project\appstarter\vendor\codeigniter4\framework\system\CodeIgniter.php(936): App\Controllers\Blog->detail('1')
#6 D:\work\Project\Redesign Project\appstarter\vendor\codeigniter4\framework\system\CodeIgniter.php(432): CodeIgniter\CodeIgniter->runController(Object(App\Controllers\Blog))
#7 D:\work\Project\Redesign Project\appstarter\vendor\codeigniter4\framework\system\CodeIgniter.php(333): CodeIgniter\CodeIgniter->handleRequest(NULL, Object(Config\Cache), false)
#8 D:\work\Project\Redesign Project\appstarter\public\index.php(44): CodeIgniter\CodeIgniter->run()
#9 D:\work\Project\Redesign Project\appstarter\vendor\codeigniter4\framework\system\Commands\Server\rewrite.php(45): require_once('D:\\work\\Project...')
#10 {main}
ERROR - 2021-04-08 23:54:03 --> Error connecting to the database: Access denied for user ''@'localhost' (using password: NO)
CRITICAL - 2021-04-08 23:54:03 --> Unable to connect to the database.
#0 D:\work\Project\Redesign Project\appstarter\vendor\codeigniter4\framework\system\Database\BaseConnection.php(618): CodeIgniter\Database\BaseConnection->initialize()
#1 D:\work\Project\Redesign Project\appstarter\vendor\codeigniter4\framework\system\Database\BaseBuilder.php(1866): CodeIgniter\Database\BaseConnection->query('SELECT *\nFROM `...', Array, false)
#2 D:\work\Project\Redesign Project\appstarter\vendor\codeigniter4\framework\system\Model.php(169): CodeIgniter\Database\BaseBuilder->get()
#3 D:\work\Project\Redesign Project\appstarter\vendor\codeigniter4\framework\system\BaseModel.php(518): CodeIgniter\Model->doFind(true, '1')
#4 D:\work\Project\Redesign Project\appstarter\app\Controllers\Blog.php(22): CodeIgniter\BaseModel->find('1')
#5 D:\work\Project\Redesign Project\appstarter\vendor\codeigniter4\framework\system\CodeIgniter.php(936): App\Controllers\Blog->detail('1')
#6 D:\work\Project\Redesign Project\appstarter\vendor\codeigniter4\framework\system\CodeIgniter.php(432): CodeIgniter\CodeIgniter->runController(Object(App\Controllers\Blog))
#7 D:\work\Project\Redesign Project\appstarter\vendor\codeigniter4\framework\system\CodeIgniter.php(333): CodeIgniter\CodeIgniter->handleRequest(NULL, Object(Config\Cache), false)
#8 D:\work\Project\Redesign Project\appstarter\public\index.php(44): CodeIgniter\CodeIgniter->run()
#9 D:\work\Project\Redesign Project\appstarter\vendor\codeigniter4\framework\system\Commands\Server\rewrite.php(45): require_once('D:\\work\\Project...')
#10 {main}
ERROR - 2021-04-08 23:54:08 --> Error connecting to the database: Access denied for user ''@'localhost' (using password: NO)
CRITICAL - 2021-04-08 23:54:08 --> Unable to connect to the database.
#0 D:\work\Project\Redesign Project\appstarter\vendor\codeigniter4\framework\system\Database\BaseConnection.php(618): CodeIgniter\Database\BaseConnection->initialize()
#1 D:\work\Project\Redesign Project\appstarter\vendor\codeigniter4\framework\system\Database\BaseBuilder.php(1866): CodeIgniter\Database\BaseConnection->query('SELECT *\nFROM `...', Array, false)
#2 D:\work\Project\Redesign Project\appstarter\vendor\codeigniter4\framework\system\Model.php(169): CodeIgniter\Database\BaseBuilder->get()
#3 D:\work\Project\Redesign Project\appstarter\vendor\codeigniter4\framework\system\BaseModel.php(518): CodeIgniter\Model->doFind(true, '1')
#4 D:\work\Project\Redesign Project\appstarter\app\Controllers\Blog.php(22): CodeIgniter\BaseModel->find('1')
#5 D:\work\Project\Redesign Project\appstarter\vendor\codeigniter4\framework\system\CodeIgniter.php(936): App\Controllers\Blog->detail('1')
#6 D:\work\Project\Redesign Project\appstarter\vendor\codeigniter4\framework\system\CodeIgniter.php(432): CodeIgniter\CodeIgniter->runController(Object(App\Controllers\Blog))
#7 D:\work\Project\Redesign Project\appstarter\vendor\codeigniter4\framework\system\CodeIgniter.php(333): CodeIgniter\CodeIgniter->handleRequest(NULL, Object(Config\Cache), false)
#8 D:\work\Project\Redesign Project\appstarter\public\index.php(44): CodeIgniter\CodeIgniter->run()
#9 D:\work\Project\Redesign Project\appstarter\vendor\codeigniter4\framework\system\Commands\Server\rewrite.php(45): require_once('D:\\work\\Project...')
#10 {main}
ERROR - 2021-04-08 23:54:16 --> Error connecting to the database: Access denied for user ''@'localhost' (using password: NO)
CRITICAL - 2021-04-08 23:54:16 --> Unable to connect to the database.
#0 D:\work\Project\Redesign Project\appstarter\vendor\codeigniter4\framework\system\Database\BaseConnection.php(618): CodeIgniter\Database\BaseConnection->initialize()
#1 D:\work\Project\Redesign Project\appstarter\vendor\codeigniter4\framework\system\Database\BaseBuilder.php(1866): CodeIgniter\Database\BaseConnection->query('SELECT *\nFROM `...', Array, false)
#2 D:\work\Project\Redesign Project\appstarter\vendor\codeigniter4\framework\system\Model.php(169): CodeIgniter\Database\BaseBuilder->get()
#3 D:\work\Project\Redesign Project\appstarter\vendor\codeigniter4\framework\system\BaseModel.php(518): CodeIgniter\Model->doFind(true, '1')
#4 D:\work\Project\Redesign Project\appstarter\app\Controllers\Blog.php(22): CodeIgniter\BaseModel->find('1')
#5 D:\work\Project\Redesign Project\appstarter\vendor\codeigniter4\framework\system\CodeIgniter.php(936): App\Controllers\Blog->detail('1')
#6 D:\work\Project\Redesign Project\appstarter\vendor\codeigniter4\framework\system\CodeIgniter.php(432): CodeIgniter\CodeIgniter->runController(Object(App\Controllers\Blog))
#7 D:\work\Project\Redesign Project\appstarter\vendor\codeigniter4\framework\system\CodeIgniter.php(333): CodeIgniter\CodeIgniter->handleRequest(NULL, Object(Config\Cache), false)
#8 D:\work\Project\Redesign Project\appstarter\public\index.php(44): CodeIgniter\CodeIgniter->run()
#9 D:\work\Project\Redesign Project\appstarter\vendor\codeigniter4\framework\system\Commands\Server\rewrite.php(45): require_once('D:\\work\\Project...')
#10 {main}
ERROR - 2021-04-08 23:54:17 --> Error connecting to the database: Access denied for user ''@'localhost' (using password: NO)
CRITICAL - 2021-04-08 23:54:17 --> Unable to connect to the database.
#0 D:\work\Project\Redesign Project\appstarter\vendor\codeigniter4\framework\system\Database\BaseConnection.php(618): CodeIgniter\Database\BaseConnection->initialize()
#1 D:\work\Project\Redesign Project\appstarter\vendor\codeigniter4\framework\system\Database\BaseBuilder.php(1866): CodeIgniter\Database\BaseConnection->query('SELECT *\nFROM `...', Array, false)
#2 D:\work\Project\Redesign Project\appstarter\vendor\codeigniter4\framework\system\Model.php(169): CodeIgniter\Database\BaseBuilder->get()
#3 D:\work\Project\Redesign Project\appstarter\vendor\codeigniter4\framework\system\BaseModel.php(518): CodeIgniter\Model->doFind(true, '1')
#4 D:\work\Project\Redesign Project\appstarter\app\Controllers\Blog.php(22): CodeIgniter\BaseModel->find('1')
#5 D:\work\Project\Redesign Project\appstarter\vendor\codeigniter4\framework\system\CodeIgniter.php(936): App\Controllers\Blog->detail('1')
#6 D:\work\Project\Redesign Project\appstarter\vendor\codeigniter4\framework\system\CodeIgniter.php(432): CodeIgniter\CodeIgniter->runController(Object(App\Controllers\Blog))
#7 D:\work\Project\Redesign Project\appstarter\vendor\codeigniter4\framework\system\CodeIgniter.php(333): CodeIgniter\CodeIgniter->handleRequest(NULL, Object(Config\Cache), false)
#8 D:\work\Project\Redesign Project\appstarter\public\index.php(44): CodeIgniter\CodeIgniter->run()
#9 D:\work\Project\Redesign Project\appstarter\vendor\codeigniter4\framework\system\Commands\Server\rewrite.php(45): require_once('D:\\work\\Project...')
#10 {main}
ERROR - 2021-04-08 23:54:17 --> Error connecting to the database: Access denied for user ''@'localhost' (using password: NO)
CRITICAL - 2021-04-08 23:54:17 --> Unable to connect to the database.
#0 D:\work\Project\Redesign Project\appstarter\vendor\codeigniter4\framework\system\Database\BaseConnection.php(618): CodeIgniter\Database\BaseConnection->initialize()
#1 D:\work\Project\Redesign Project\appstarter\vendor\codeigniter4\framework\system\Database\BaseBuilder.php(1866): CodeIgniter\Database\BaseConnection->query('SELECT *\nFROM `...', Array, false)
#2 D:\work\Project\Redesign Project\appstarter\vendor\codeigniter4\framework\system\Model.php(169): CodeIgniter\Database\BaseBuilder->get()
#3 D:\work\Project\Redesign Project\appstarter\vendor\codeigniter4\framework\system\BaseModel.php(518): CodeIgniter\Model->doFind(true, '1')
#4 D:\work\Project\Redesign Project\appstarter\app\Controllers\Blog.php(22): CodeIgniter\BaseModel->find('1')
#5 D:\work\Project\Redesign Project\appstarter\vendor\codeigniter4\framework\system\CodeIgniter.php(936): App\Controllers\Blog->detail('1')
#6 D:\work\Project\Redesign Project\appstarter\vendor\codeigniter4\framework\system\CodeIgniter.php(432): CodeIgniter\CodeIgniter->runController(Object(App\Controllers\Blog))
#7 D:\work\Project\Redesign Project\appstarter\vendor\codeigniter4\framework\system\CodeIgniter.php(333): CodeIgniter\CodeIgniter->handleRequest(NULL, Object(Config\Cache), false)
#8 D:\work\Project\Redesign Project\appstarter\public\index.php(44): CodeIgniter\CodeIgniter->run()
#9 D:\work\Project\Redesign Project\appstarter\vendor\codeigniter4\framework\system\Commands\Server\rewrite.php(45): require_once('D:\\work\\Project...')
#10 {main}
ERROR - 2021-04-08 23:54:28 --> Error connecting to the database: Access denied for user ''@'localhost' (using password: NO)
CRITICAL - 2021-04-08 23:54:28 --> Unable to connect to the database.
#0 D:\work\Project\Redesign Project\appstarter\vendor\codeigniter4\framework\system\Database\BaseConnection.php(618): CodeIgniter\Database\BaseConnection->initialize()
#1 D:\work\Project\Redesign Project\appstarter\vendor\codeigniter4\framework\system\Database\BaseBuilder.php(1866): CodeIgniter\Database\BaseConnection->query('SELECT *\nFROM `...', Array, false)
#2 D:\work\Project\Redesign Project\appstarter\vendor\codeigniter4\framework\system\Model.php(169): CodeIgniter\Database\BaseBuilder->get()
#3 D:\work\Project\Redesign Project\appstarter\vendor\codeigniter4\framework\system\BaseModel.php(518): CodeIgniter\Model->doFind(true, '1')
#4 D:\work\Project\Redesign Project\appstarter\app\Controllers\Blog.php(22): CodeIgniter\BaseModel->find('1')
#5 D:\work\Project\Redesign Project\appstarter\vendor\codeigniter4\framework\system\CodeIgniter.php(936): App\Controllers\Blog->detail('1')
#6 D:\work\Project\Redesign Project\appstarter\vendor\codeigniter4\framework\system\CodeIgniter.php(432): CodeIgniter\CodeIgniter->runController(Object(App\Controllers\Blog))
#7 D:\work\Project\Redesign Project\appstarter\vendor\codeigniter4\framework\system\CodeIgniter.php(333): CodeIgniter\CodeIgniter->handleRequest(NULL, Object(Config\Cache), false)
#8 D:\work\Project\Redesign Project\appstarter\public\index.php(44): CodeIgniter\CodeIgniter->run()
#9 D:\work\Project\Redesign Project\appstarter\vendor\codeigniter4\framework\system\Commands\Server\rewrite.php(45): require_once('D:\\work\\Project...')
#10 {main}
ERROR - 2021-04-08 23:54:32 --> Error connecting to the database: Access denied for user ''@'localhost' (using password: NO)
CRITICAL - 2021-04-08 23:54:32 --> Unable to connect to the database.
#0 D:\work\Project\Redesign Project\appstarter\vendor\codeigniter4\framework\system\Database\BaseConnection.php(618): CodeIgniter\Database\BaseConnection->initialize()
#1 D:\work\Project\Redesign Project\appstarter\vendor\codeigniter4\framework\system\Database\BaseBuilder.php(1866): CodeIgniter\Database\BaseConnection->query('SELECT *\nFROM `...', Array, false)
#2 D:\work\Project\Redesign Project\appstarter\vendor\codeigniter4\framework\system\Model.php(169): CodeIgniter\Database\BaseBuilder->get()
#3 D:\work\Project\Redesign Project\appstarter\vendor\codeigniter4\framework\system\BaseModel.php(518): CodeIgniter\Model->doFind(true, '1')
#4 D:\work\Project\Redesign Project\appstarter\app\Controllers\Blog.php(22): CodeIgniter\BaseModel->find('1')
#5 D:\work\Project\Redesign Project\appstarter\vendor\codeigniter4\framework\system\CodeIgniter.php(936): App\Controllers\Blog->detail('1')
#6 D:\work\Project\Redesign Project\appstarter\vendor\codeigniter4\framework\system\CodeIgniter.php(432): CodeIgniter\CodeIgniter->runController(Object(App\Controllers\Blog))
#7 D:\work\Project\Redesign Project\appstarter\vendor\codeigniter4\framework\system\CodeIgniter.php(333): CodeIgniter\CodeIgniter->handleRequest(NULL, Object(Config\Cache), false)
#8 D:\work\Project\Redesign Project\appstarter\public\index.php(44): CodeIgniter\CodeIgniter->run()
#9 D:\work\Project\Redesign Project\appstarter\vendor\codeigniter4\framework\system\Commands\Server\rewrite.php(45): require_once('D:\\work\\Project...')
#10 {main}
ERROR - 2021-04-08 23:55:04 --> Error connecting to the database: Access denied for user ''@'localhost' (using password: NO)
CRITICAL - 2021-04-08 23:55:04 --> Unable to connect to the database.
#0 D:\work\Project\Redesign Project\appstarter\vendor\codeigniter4\framework\system\Database\BaseConnection.php(618): CodeIgniter\Database\BaseConnection->initialize()
#1 D:\work\Project\Redesign Project\appstarter\vendor\codeigniter4\framework\system\Database\BaseBuilder.php(1866): CodeIgniter\Database\BaseConnection->query('SELECT *\nFROM `...', Array, false)
#2 D:\work\Project\Redesign Project\appstarter\vendor\codeigniter4\framework\system\Model.php(169): CodeIgniter\Database\BaseBuilder->get()
#3 D:\work\Project\Redesign Project\appstarter\vendor\codeigniter4\framework\system\BaseModel.php(518): CodeIgniter\Model->doFind(true, '1')
#4 D:\work\Project\Redesign Project\appstarter\app\Controllers\Blog.php(22): CodeIgniter\BaseModel->find('1')
#5 D:\work\Project\Redesign Project\appstarter\vendor\codeigniter4\framework\system\CodeIgniter.php(936): App\Controllers\Blog->detail('1')
#6 D:\work\Project\Redesign Project\appstarter\vendor\codeigniter4\framework\system\CodeIgniter.php(432): CodeIgniter\CodeIgniter->runController(Object(App\Controllers\Blog))
#7 D:\work\Project\Redesign Project\appstarter\vendor\codeigniter4\framework\system\CodeIgniter.php(333): CodeIgniter\CodeIgniter->handleRequest(NULL, Object(Config\Cache), false)
#8 D:\work\Project\Redesign Project\appstarter\public\index.php(44): CodeIgniter\CodeIgniter->run()
#9 D:\work\Project\Redesign Project\appstarter\vendor\codeigniter4\framework\system\Commands\Server\rewrite.php(45): require_once('D:\\work\\Project...')
#10 {main}
ERROR - 2021-04-08 23:55:05 --> Error connecting to the database: Access denied for user ''@'localhost' (using password: NO)
CRITICAL - 2021-04-08 23:55:05 --> Unable to connect to the database.
#0 D:\work\Project\Redesign Project\appstarter\vendor\codeigniter4\framework\system\Database\BaseConnection.php(618): CodeIgniter\Database\BaseConnection->initialize()
#1 D:\work\Project\Redesign Project\appstarter\vendor\codeigniter4\framework\system\Database\BaseBuilder.php(1866): CodeIgniter\Database\BaseConnection->query('SELECT *\nFROM `...', Array, false)
#2 D:\work\Project\Redesign Project\appstarter\vendor\codeigniter4\framework\system\Model.php(169): CodeIgniter\Database\BaseBuilder->get()
#3 D:\work\Project\Redesign Project\appstarter\vendor\codeigniter4\framework\system\BaseModel.php(518): CodeIgniter\Model->doFind(true, '1')
#4 D:\work\Project\Redesign Project\appstarter\app\Controllers\Blog.php(22): CodeIgniter\BaseModel->find('1')
#5 D:\work\Project\Redesign Project\appstarter\vendor\codeigniter4\framework\system\CodeIgniter.php(936): App\Controllers\Blog->detail('1')
#6 D:\work\Project\Redesign Project\appstarter\vendor\codeigniter4\framework\system\CodeIgniter.php(432): CodeIgniter\CodeIgniter->runController(Object(App\Controllers\Blog))
#7 D:\work\Project\Redesign Project\appstarter\vendor\codeigniter4\framework\system\CodeIgniter.php(333): CodeIgniter\CodeIgniter->handleRequest(NULL, Object(Config\Cache), false)
#8 D:\work\Project\Redesign Project\appstarter\public\index.php(44): CodeIgniter\CodeIgniter->run()
#9 D:\work\Project\Redesign Project\appstarter\vendor\codeigniter4\framework\system\Commands\Server\rewrite.php(45): require_once('D:\\work\\Project...')
#10 {main}
ERROR - 2021-04-08 23:55:05 --> Error connecting to the database: Access denied for user ''@'localhost' (using password: NO)
CRITICAL - 2021-04-08 23:55:05 --> Unable to connect to the database.
#0 D:\work\Project\Redesign Project\appstarter\vendor\codeigniter4\framework\system\Database\BaseConnection.php(618): CodeIgniter\Database\BaseConnection->initialize()
#1 D:\work\Project\Redesign Project\appstarter\vendor\codeigniter4\framework\system\Database\BaseBuilder.php(1866): CodeIgniter\Database\BaseConnection->query('SELECT *\nFROM `...', Array, false)
#2 D:\work\Project\Redesign Project\appstarter\vendor\codeigniter4\framework\system\Model.php(169): CodeIgniter\Database\BaseBuilder->get()
#3 D:\work\Project\Redesign Project\appstarter\vendor\codeigniter4\framework\system\BaseModel.php(518): CodeIgniter\Model->doFind(true, '1')
#4 D:\work\Project\Redesign Project\appstarter\app\Controllers\Blog.php(22): CodeIgniter\BaseModel->find('1')
#5 D:\work\Project\Redesign Project\appstarter\vendor\codeigniter4\framework\system\CodeIgniter.php(936): App\Controllers\Blog->detail('1')
#6 D:\work\Project\Redesign Project\appstarter\vendor\codeigniter4\framework\system\CodeIgniter.php(432): CodeIgniter\CodeIgniter->runController(Object(App\Controllers\Blog))
#7 D:\work\Project\Redesign Project\appstarter\vendor\codeigniter4\framework\system\CodeIgniter.php(333): CodeIgniter\CodeIgniter->handleRequest(NULL, Object(Config\Cache), false)
#8 D:\work\Project\Redesign Project\appstarter\public\index.php(44): CodeIgniter\CodeIgniter->run()
#9 D:\work\Project\Redesign Project\appstarter\vendor\codeigniter4\framework\system\Commands\Server\rewrite.php(45): require_once('D:\\work\\Project...')
#10 {main}
ERROR - 2021-04-08 23:55:17 --> Error connecting to the database: Access denied for user ''@'localhost' (using password: NO)
CRITICAL - 2021-04-08 23:55:17 --> Unable to connect to the database.
#0 D:\work\Project\Redesign Project\appstarter\vendor\codeigniter4\framework\system\Database\BaseConnection.php(618): CodeIgniter\Database\BaseConnection->initialize()
#1 D:\work\Project\Redesign Project\appstarter\vendor\codeigniter4\framework\system\Database\BaseBuilder.php(1866): CodeIgniter\Database\BaseConnection->query('SELECT *\nFROM `...', Array, false)
#2 D:\work\Project\Redesign Project\appstarter\vendor\codeigniter4\framework\system\Model.php(169): CodeIgniter\Database\BaseBuilder->get()
#3 D:\work\Project\Redesign Project\appstarter\vendor\codeigniter4\framework\system\BaseModel.php(518): CodeIgniter\Model->doFind(true, '1')
#4 D:\work\Project\Redesign Project\appstarter\app\Controllers\Blog.php(22): CodeIgniter\BaseModel->find('1')
#5 D:\work\Project\Redesign Project\appstarter\vendor\codeigniter4\framework\system\CodeIgniter.php(936): App\Controllers\Blog->detail('1')
#6 D:\work\Project\Redesign Project\appstarter\vendor\codeigniter4\framework\system\CodeIgniter.php(432): CodeIgniter\CodeIgniter->runController(Object(App\Controllers\Blog))
#7 D:\work\Project\Redesign Project\appstarter\vendor\codeigniter4\framework\system\CodeIgniter.php(333): CodeIgniter\CodeIgniter->handleRequest(NULL, Object(Config\Cache), false)
#8 D:\work\Project\Redesign Project\appstarter\public\index.php(44): CodeIgniter\CodeIgniter->run()
#9 D:\work\Project\Redesign Project\appstarter\vendor\codeigniter4\framework\system\Commands\Server\rewrite.php(45): require_once('D:\\work\\Project...')
#10 {main}
CRITICAL - 2021-04-08 23:55:32 --> syntax error, unexpected '}', expecting ';' or ','
#0 D:\work\Project\Redesign Project\appstarter\vendor\codeigniter4\framework\system\Autoloader\Autoloader.php(265): CodeIgniter\Autoloader\Autoloader->includeFile('D:\\work\\Project...')
#1 D:\work\Project\Redesign Project\appstarter\vendor\codeigniter4\framework\system\Autoloader\Autoloader.php(228): CodeIgniter\Autoloader\Autoloader->loadInNamespace('App\\Controllers...')
#2 [internal function]: CodeIgniter\Autoloader\Autoloader->loadClass('App\\Controllers...')
#3 [internal function]: spl_autoload_call('App\\Controllers...')
#4 D:\work\Project\Redesign Project\appstarter\vendor\codeigniter4\framework\system\CodeIgniter.php(893): class_exists('\\App\\Controller...', true)
#5 D:\work\Project\Redesign Project\appstarter\vendor\codeigniter4\framework\system\CodeIgniter.php(417): CodeIgniter\CodeIgniter->startController()
#6 D:\work\Project\Redesign Project\appstarter\vendor\codeigniter4\framework\system\CodeIgniter.php(333): CodeIgniter\CodeIgniter->handleRequest(NULL, Object(Config\Cache), false)
#7 D:\work\Project\Redesign Project\appstarter\public\index.php(44): CodeIgniter\CodeIgniter->run()
#8 D:\work\Project\Redesign Project\appstarter\vendor\codeigniter4\framework\system\Commands\Server\rewrite.php(45): require_once('D:\\work\\Project...')
#9 {main}
ERROR - 2021-04-08 23:55:37 --> Error connecting to the database: Access denied for user ''@'localhost' (using password: NO)
CRITICAL - 2021-04-08 23:55:37 --> Unable to connect to the database.
#0 D:\work\Project\Redesign Project\appstarter\vendor\codeigniter4\framework\system\Database\BaseConnection.php(618): CodeIgniter\Database\BaseConnection->initialize()
#1 D:\work\Project\Redesign Project\appstarter\vendor\codeigniter4\framework\system\Database\BaseBuilder.php(1866): CodeIgniter\Database\BaseConnection->query('SELECT *\nFROM `...', Array, false)
#2 D:\work\Project\Redesign Project\appstarter\vendor\codeigniter4\framework\system\Model.php(169): CodeIgniter\Database\BaseBuilder->get()
#3 D:\work\Project\Redesign Project\appstarter\vendor\codeigniter4\framework\system\BaseModel.php(518): CodeIgniter\Model->doFind(true, '1')
#4 D:\work\Project\Redesign Project\appstarter\app\Controllers\Blog.php(22): CodeIgniter\BaseModel->find('1')
#5 D:\work\Project\Redesign Project\appstarter\vendor\codeigniter4\framework\system\CodeIgniter.php(936): App\Controllers\Blog->detail('1')
#6 D:\work\Project\Redesign Project\appstarter\vendor\codeigniter4\framework\system\CodeIgniter.php(432): CodeIgniter\CodeIgniter->runController(Object(App\Controllers\Blog))
#7 D:\work\Project\Redesign Project\appstarter\vendor\codeigniter4\framework\system\CodeIgniter.php(333): CodeIgniter\CodeIgniter->handleRequest(NULL, Object(Config\Cache), false)
#8 D:\work\Project\Redesign Project\appstarter\public\index.php(44): CodeIgniter\CodeIgniter->run()
#9 D:\work\Project\Redesign Project\appstarter\vendor\codeigniter4\framework\system\Commands\Server\rewrite.php(45): require_once('D:\\work\\Project...')
#10 {main}
ERROR - 2021-04-08 23:55:44 --> Error connecting to the database: Access denied for user ''@'localhost' (using password: NO)
CRITICAL - 2021-04-08 23:55:44 --> Unable to connect to the database.
#0 D:\work\Project\Redesign Project\appstarter\vendor\codeigniter4\framework\system\Database\BaseConnection.php(618): CodeIgniter\Database\BaseConnection->initialize()
#1 D:\work\Project\Redesign Project\appstarter\vendor\codeigniter4\framework\system\Database\BaseBuilder.php(1866): CodeIgniter\Database\BaseConnection->query('SELECT *\nFROM `...', Array, false)
#2 D:\work\Project\Redesign Project\appstarter\vendor\codeigniter4\framework\system\Model.php(169): CodeIgniter\Database\BaseBuilder->get()
#3 D:\work\Project\Redesign Project\appstarter\vendor\codeigniter4\framework\system\BaseModel.php(518): CodeIgniter\Model->doFind(true, '1')
#4 D:\work\Project\Redesign Project\appstarter\app\Controllers\Blog.php(22): CodeIgniter\BaseModel->find('1')
#5 D:\work\Project\Redesign Project\appstarter\vendor\codeigniter4\framework\system\CodeIgniter.php(936): App\Controllers\Blog->detail('1')
#6 D:\work\Project\Redesign Project\appstarter\vendor\codeigniter4\framework\system\CodeIgniter.php(432): CodeIgniter\CodeIgniter->runController(Object(App\Controllers\Blog))
#7 D:\work\Project\Redesign Project\appstarter\vendor\codeigniter4\framework\system\CodeIgniter.php(333): CodeIgniter\CodeIgniter->handleRequest(NULL, Object(Config\Cache), false)
#8 D:\work\Project\Redesign Project\appstarter\public\index.php(44): CodeIgniter\CodeIgniter->run()
#9 D:\work\Project\Redesign Project\appstarter\vendor\codeigniter4\framework\system\Commands\Server\rewrite.php(45): require_once('D:\\work\\Project...')
#10 {main}
