CRITICAL - 2021-04-02 02:14:27 --> file_get_contents(/js/homepage.json): failed to open stream: No such file or directory
#0 [internal function]: CodeIgniter\Debug\Exceptions->errorHandler(2, 'file_get_conten...', 'D:\\work\\Project...', 9, Array)
#1 D:\work\Project\Redesign Project\appstarter\app\Controllers\Home.php(9): file_get_contents('/js/homepage.js...')
#2 D:\work\Project\Redesign Project\appstarter\vendor\codeigniter4\framework\system\CodeIgniter.php(936): App\Controllers\Home->index()
#3 D:\work\Project\Redesign Project\appstarter\vendor\codeigniter4\framework\system\CodeIgniter.php(432): CodeIgniter\CodeIgniter->runController(Object(App\Controllers\Home))
#4 D:\work\Project\Redesign Project\appstarter\vendor\codeigniter4\framework\system\CodeIgniter.php(333): CodeIgniter\CodeIgniter->handleRequest(NULL, Object(Config\Cache), false)
#5 D:\work\Project\Redesign Project\appstarter\public\index.php(44): CodeIgniter\CodeIgniter->run()
#6 D:\work\Project\Redesign Project\appstarter\vendor\codeigniter4\framework\system\Commands\Server\rewrite.php(45): require_once('D:\\work\\Project...')
#7 {main}
CRITICAL - 2021-04-02 02:14:30 --> file_get_contents(/js/homepage.json): failed to open stream: No such file or directory
#0 [internal function]: CodeIgniter\Debug\Exceptions->errorHandler(2, 'file_get_conten...', 'D:\\work\\Project...', 9, Array)
#1 D:\work\Project\Redesign Project\appstarter\app\Controllers\Home.php(9): file_get_contents('/js/homepage.js...')
#2 D:\work\Project\Redesign Project\appstarter\vendor\codeigniter4\framework\system\CodeIgniter.php(936): App\Controllers\Home->index()
#3 D:\work\Project\Redesign Project\appstarter\vendor\codeigniter4\framework\system\CodeIgniter.php(432): CodeIgniter\CodeIgniter->runController(Object(App\Controllers\Home))
#4 D:\work\Project\Redesign Project\appstarter\vendor\codeigniter4\framework\system\CodeIgniter.php(333): CodeIgniter\CodeIgniter->handleRequest(NULL, Object(Config\Cache), false)
#5 D:\work\Project\Redesign Project\appstarter\public\index.php(44): CodeIgniter\CodeIgniter->run()
#6 D:\work\Project\Redesign Project\appstarter\vendor\codeigniter4\framework\system\Commands\Server\rewrite.php(45): require_once('D:\\work\\Project...')
#7 {main}
CRITICAL - 2021-04-02 02:14:37 --> file_get_contents(/js/homepage.json): failed to open stream: No such file or directory
#0 [internal function]: CodeIgniter\Debug\Exceptions->errorHandler(2, 'file_get_conten...', 'D:\\work\\Project...', 9, Array)
#1 D:\work\Project\Redesign Project\appstarter\app\Controllers\Home.php(9): file_get_contents('/js/homepage.js...')
#2 D:\work\Project\Redesign Project\appstarter\vendor\codeigniter4\framework\system\CodeIgniter.php(936): App\Controllers\Home->index()
#3 D:\work\Project\Redesign Project\appstarter\vendor\codeigniter4\framework\system\CodeIgniter.php(432): CodeIgniter\CodeIgniter->runController(Object(App\Controllers\Home))
#4 D:\work\Project\Redesign Project\appstarter\vendor\codeigniter4\framework\system\CodeIgniter.php(333): CodeIgniter\CodeIgniter->handleRequest(NULL, Object(Config\Cache), false)
#5 D:\work\Project\Redesign Project\appstarter\public\index.php(44): CodeIgniter\CodeIgniter->run()
#6 D:\work\Project\Redesign Project\appstarter\vendor\codeigniter4\framework\system\Commands\Server\rewrite.php(45): require_once('D:\\work\\Project...')
#7 {main}
CRITICAL - 2021-04-02 02:41:31 --> file_get_contents(homepage.json): failed to open stream: No such file or directory
#0 [internal function]: CodeIgniter\Debug\Exceptions->errorHandler(2, 'file_get_conten...', 'D:\\work\\Project...', 9, Array)
#1 D:\work\Project\Redesign Project\appstarter\app\Controllers\Home.php(9): file_get_contents('homepage.json')
#2 D:\work\Project\Redesign Project\appstarter\vendor\codeigniter4\framework\system\CodeIgniter.php(936): App\Controllers\Home->index()
#3 D:\work\Project\Redesign Project\appstarter\vendor\codeigniter4\framework\system\CodeIgniter.php(432): CodeIgniter\CodeIgniter->runController(Object(App\Controllers\Home))
#4 D:\work\Project\Redesign Project\appstarter\vendor\codeigniter4\framework\system\CodeIgniter.php(333): CodeIgniter\CodeIgniter->handleRequest(NULL, Object(Config\Cache), false)
#5 D:\work\Project\Redesign Project\appstarter\public\index.php(44): CodeIgniter\CodeIgniter->run()
#6 D:\work\Project\Redesign Project\appstarter\vendor\codeigniter4\framework\system\Commands\Server\rewrite.php(45): require_once('D:\\work\\Project...')
#7 {main}
CRITICAL - 2021-04-02 02:41:32 --> file_get_contents(homepage.json): failed to open stream: No such file or directory
#0 [internal function]: CodeIgniter\Debug\Exceptions->errorHandler(2, 'file_get_conten...', 'D:\\work\\Project...', 9, Array)
#1 D:\work\Project\Redesign Project\appstarter\app\Controllers\Home.php(9): file_get_contents('homepage.json')
#2 D:\work\Project\Redesign Project\appstarter\vendor\codeigniter4\framework\system\CodeIgniter.php(936): App\Controllers\Home->index()
#3 D:\work\Project\Redesign Project\appstarter\vendor\codeigniter4\framework\system\CodeIgniter.php(432): CodeIgniter\CodeIgniter->runController(Object(App\Controllers\Home))
#4 D:\work\Project\Redesign Project\appstarter\vendor\codeigniter4\framework\system\CodeIgniter.php(333): CodeIgniter\CodeIgniter->handleRequest(NULL, Object(Config\Cache), false)
#5 D:\work\Project\Redesign Project\appstarter\public\index.php(44): CodeIgniter\CodeIgniter->run()
#6 D:\work\Project\Redesign Project\appstarter\vendor\codeigniter4\framework\system\Commands\Server\rewrite.php(45): require_once('D:\\work\\Project...')
#7 {main}
CRITICAL - 2021-04-02 02:41:32 --> file_get_contents(homepage.json): failed to open stream: No such file or directory
#0 [internal function]: CodeIgniter\Debug\Exceptions->errorHandler(2, 'file_get_conten...', 'D:\\work\\Project...', 9, Array)
#1 D:\work\Project\Redesign Project\appstarter\app\Controllers\Home.php(9): file_get_contents('homepage.json')
#2 D:\work\Project\Redesign Project\appstarter\vendor\codeigniter4\framework\system\CodeIgniter.php(936): App\Controllers\Home->index()
#3 D:\work\Project\Redesign Project\appstarter\vendor\codeigniter4\framework\system\CodeIgniter.php(432): CodeIgniter\CodeIgniter->runController(Object(App\Controllers\Home))
#4 D:\work\Project\Redesign Project\appstarter\vendor\codeigniter4\framework\system\CodeIgniter.php(333): CodeIgniter\CodeIgniter->handleRequest(NULL, Object(Config\Cache), false)
#5 D:\work\Project\Redesign Project\appstarter\public\index.php(44): CodeIgniter\CodeIgniter->run()
#6 D:\work\Project\Redesign Project\appstarter\vendor\codeigniter4\framework\system\Commands\Server\rewrite.php(45): require_once('D:\\work\\Project...')
#7 {main}
